<?xml version="1.0" encoding="UTF-8"?>
<!-- Generated by org.testng.reporters.JUnitXMLReporter -->
<testsuite hostname="DEL1-LHP-40761" name="Default test" tests="2" failures="0" timestamp="19 Nov 2017 11:33:06 GMT" time="0.017" errors="0">
  <testcase name="CheckPaytmBalance" time="0.001" classname="testCases.TopnavigationTestCases">
    <skipped/>
  </testcase> <!-- CheckPaytmBalance -->
  <testcase name="dologin" time="0.0" classname="testCases.TopnavigationTestCases">
    <skipped/>
  </testcase> <!-- dologin -->
</testsuite> <!-- Default test -->
