<?xml version="1.0" encoding="UTF-8"?>
<!-- Generated by org.testng.reporters.JUnitXMLReporter -->
<testsuite hostname="LAPTOP-QMO1311O" name="Register on the page" tests="2" failures="1" timestamp="9 Jan 2018 00:25:38 GMT" time="6.473" errors="0">
  <testcase name="contactInfo" time="5.578" classname="testCases.TopnavigationTestCases"/>
  <testcase name="getinfo" time="0.879" classname="testCases.TopnavigationTestCases">
    <failure type="java.lang.AssertionError" message="Incorrect Abuot us  expected [true] but found [false]">
      <![CDATA[java.lang.AssertionError: Incorrect Abuot us  expected [true] but found [false]
	at testCases.TopnavigationTestCases.getinfo(TopnavigationTestCases.java:25)
... Removed 27 stack frames]]>
    </failure>
  </testcase> <!-- getinfo -->
</testsuite> <!-- Register on the page -->
