<?xml version="1.0" encoding="UTF-8"?>
<!-- Generated by org.testng.reporters.JUnitXMLReporter -->
<testsuite hostname="DEL1-LHP-40761" name="Test login and paytm balance" tests="2" failures="1" timestamp="19 Nov 2017 17:38:38 GMT" time="16.63" errors="0">
  <testcase name="contactInfo" time="15.337" classname="testCases.TopnavigationTestCases">
    <failure type="java.lang.AssertionError" message="The contact info is not sent expected [true] but found [false]">
      <![CDATA[java.lang.AssertionError: The contact info is not sent expected [true] but found [false]
	at testCases.TopnavigationTestCases.contactInfo(TopnavigationTestCases.java:42)
... Removed 27 stack frames]]>
    </failure>
  </testcase> <!-- contactInfo -->
  <testcase name="getinfo" time="1.275" classname="testCases.TopnavigationTestCases"/>
</testsuite> <!-- Test login and paytm balance -->
